*********************************************************************
* LD Score Regression (LDSC)
* Version 1.0.1
* (C) 2014-2019 Brendan Bulik-Sullivan and Hilary Finucane
* Broad Institute of MIT and Harvard / MIT Department of Mathematics
* GNU General Public License v3
*********************************************************************
Call: 
./ldsc.py \
--h2 /data/clusterfs/lag/users/gokala/enigma-evol/sumstats/munged/replication_precuneus_thickavg_withGlobal.sumstats.gz \
--ref-ld-chr /data/workspaces/lag/shared_spaces/Resource_DB/LDscores/eur_w_ld_chr/ \
--out /data/clusterfs/lag/users/gokala/enigma-evol/ldsc/nonancreg_intercepts/precuneus_thickavg_withGlobal.sumstats.gz \
--w-ld-chr /data/workspaces/lag/shared_spaces/Resource_DB/LDscores/eur_w_ld_chr/ 

Beginning analysis at Thu Oct 15 14:13:59 2020
Reading summary statistics from /data/clusterfs/lag/users/gokala/enigma-evol/sumstats/munged/replication_precuneus_thickavg_withGlobal.sumstats.gz ...
Read summary statistics for 1199981 SNPs.
Reading reference panel LD Score from /data/workspaces/lag/shared_spaces/Resource_DB/LDscores/eur_w_ld_chr/[1-22] ... (ldscore_fromlist)
Read reference panel LD Scores for 1290028 SNPs.
Removing partitioned LD Scores with zero variance.
Reading regression weight LD Score from /data/workspaces/lag/shared_spaces/Resource_DB/LDscores/eur_w_ld_chr/[1-22] ... (ldscore_fromlist)
Read regression weight LD Scores for 1290028 SNPs.
After merging with reference panel LD, 1177181 SNPs remain.
After merging with regression SNP LD, 1177181 SNPs remain.
Using two-step estimator with cutoff at 30.
Total Observed scale h2: 0.2206 (0.029)
Lambda GC: 1.0741
Mean Chi^2: 1.0863
Intercept: 1.0025 (0.0072)
Ratio: 0.0287 (0.084)
Analysis finished at Thu Oct 15 14:14:06 2020
Total time elapsed: 7.55s
