*********************************************************************
* LD Score Regression (LDSC)
* Version 1.0.1
* (C) 2014-2019 Brendan Bulik-Sullivan and Hilary Finucane
* Broad Institute of MIT and Harvard / MIT Department of Mathematics
* GNU General Public License v3
*********************************************************************
Call: 
./ldsc.py \
--h2 /data/clusterfs/lag/users/gokala/enigma-evol/sumstats/munged/replication_transversetemporal_thickavg_withoutGlobal.sumstats.gz \
--ref-ld-chr /data/workspaces/lag/shared_spaces/Resource_DB/LDscores/eur_w_ld_chr/ \
--out /data/clusterfs/lag/users/gokala/enigma-evol/ldsc/nonancreg_intercepts/transversetemporal_thickavg_withoutGlobal.sumstats.gz \
--w-ld-chr /data/workspaces/lag/shared_spaces/Resource_DB/LDscores/eur_w_ld_chr/ 

Beginning analysis at Thu Oct 15 14:14:28 2020
Reading summary statistics from /data/clusterfs/lag/users/gokala/enigma-evol/sumstats/munged/replication_transversetemporal_thickavg_withoutGlobal.sumstats.gz ...
Read summary statistics for 1199981 SNPs.
Reading reference panel LD Score from /data/workspaces/lag/shared_spaces/Resource_DB/LDscores/eur_w_ld_chr/[1-22] ... (ldscore_fromlist)
Read reference panel LD Scores for 1290028 SNPs.
Removing partitioned LD Scores with zero variance.
Reading regression weight LD Score from /data/workspaces/lag/shared_spaces/Resource_DB/LDscores/eur_w_ld_chr/[1-22] ... (ldscore_fromlist)
Read regression weight LD Scores for 1290028 SNPs.
After merging with reference panel LD, 1177181 SNPs remain.
After merging with regression SNP LD, 1177181 SNPs remain.
Using two-step estimator with cutoff at 30.
Total Observed scale h2: 0.1992 (0.0269)
Lambda GC: 1.0772
Mean Chi^2: 1.0812
Intercept: 1.0063 (0.006)
Ratio: 0.0779 (0.0737)
Analysis finished at Thu Oct 15 14:14:38 2020
Total time elapsed: 10.32s
